<?xml version="1.0" encoding="UTF-8"?>
<!-- Generated by org.testng.reporters.JUnitReportReporter -->
<testsuite hostname="DESKTOP-83F7CIR" failures="0" tests="1" name="com.sevenrmartsupermarket.tests.DashBoardTest" time="19.871" errors="0" timestamp="2024-11-28T15:58:38 EST" skipped="0">
  <testcase classname="com.sevenrmartsupermarket.tests.DashBoardTest" name="verifyAdminHome" time="19.871"/>
</testsuite> <!-- com.sevenrmartsupermarket.tests.DashBoardTest -->
