<?xml version="1.0" encoding="UTF-8"?>
<!-- Generated by org.testng.reporters.JUnitReportReporter -->
<testsuite hostname="DESKTOP-83F7CIR" failures="0" tests="1" name="com.sevenrmartsupermarket.tests.AdminUserTest" time="24.009" errors="0" timestamp="2024-11-28T15:47:53 EST" skipped="0">
  <testcase classname="com.sevenrmartsupermarket.tests.AdminUserTest" name="verifySearchUser" time="24.009"/>
</testsuite> <!-- com.sevenrmartsupermarket.tests.AdminUserTest -->
